2025-06-24 15:15:48 | INFO     | generator.config:setup_logging:105 - 🚀 Complete Governor Dossier Generator v1.0.0 - Logging initialized
2025-06-24 15:15:48 | INFO     | generator.config:setup_logging:106 - 📁 Project root: D:\Enochian Cyphers\Governor Generation
2025-06-24 15:15:48 | INFO     | generator.config:setup_logging:107 - 📝 Log file: D:\Enochian Cyphers\Governor Generation\logs\generator_20250624_151548.log
2025-06-24 15:15:48 | INFO     | generator.config:setup_logging:105 - 🚀 Complete Governor Dossier Generator v1.0.0 - Logging initialized
2025-06-24 15:15:48 | INFO     | generator.config:setup_logging:106 - 📁 Project root: D:\Enochian Cyphers\Governor Generation
2025-06-24 15:15:48 | INFO     | generator.config:setup_logging:107 - 📝 Log file: D:\Enochian Cyphers\Governor Generation\logs\generator_20250624_151548.log
2025-06-24 15:15:48 | INFO     | __main__:main:255 - 🚀 Complete Governor Dossier Generator v1.0.0
2025-06-24 15:15:48 | INFO     | __main__:main:256 - 📁 Loading data sources...
2025-06-24 15:15:48 | INFO     | generator.io_loader:load_all_data_sources:99 - 📂 Loading all data sources...
2025-06-24 15:15:48 | DEBUG    | generator.io_loader:load_json_file:31 - ✅ Loaded JSON: D:\Enochian Cyphers\Governor Generation\governors_dossier.json (100289 chars)
2025-06-24 15:15:48 | DEBUG    | generator.io_loader:load_json_file:31 - ✅ Loaded JSON: D:\Enochian Cyphers\Governor Generation\personality_traits.json (41783 chars)
2025-06-24 15:15:48 | DEBUG    | generator.io_loader:load_json_file:31 - ✅ Loaded JSON: D:\Enochian Cyphers\Governor Generation\visual_description.json (6132 chars)
2025-06-24 15:15:48 | INFO     | generator.io_loader:validate_governors_data:80 - ✅ Validated 91 governors from 91 total
2025-06-24 15:15:48 | DEBUG    | generator.io_loader:load_text_file:49 - ✅ Loaded text: D:\Enochian Cyphers\Governor Generation\questions.md (10248 chars)
2025-06-24 15:15:48 | DEBUG    | generator.io_loader:load_text_file:49 - ✅ Loaded text: D:\Enochian Cyphers\Governor Generation\utility_application_matrix.md (76360 chars)
2025-06-24 15:15:48 | DEBUG    | generator.io_loader:load_text_file:49 - ✅ Loaded text: D:\Enochian Cyphers\Governor Generation\ENOCHIAN_GOVERNORS_LORE_COMPENDIUM.md (122794 chars)
2025-06-24 15:15:48 | DEBUG    | generator.io_loader:load_text_file:49 - ✅ Loaded text: D:\Enochian Cyphers\Governor Generation\prompt_approach_adaptation.md (5779 chars)
2025-06-24 15:15:48 | DEBUG    | generator.io_loader:load_text_file:49 - ✅ Loaded text: D:\Enochian Cyphers\Governor Generation\descriptive_formula.md (2843 chars)
2025-06-24 15:15:48 | DEBUG    | generator.io_loader:load_text_file:49 - ✅ Loaded text: D:\Enochian Cyphers\Governor Generation\TEMPLATE_CONSTRUCTION_CHECKLIST.md (2889 chars)
2025-06-24 15:15:48 | SUCCESS  | generator.io_loader:load_all_data_sources:131 - 🎉 Successfully loaded all 9 data sources
2025-06-24 15:15:48 | INFO     | generator.io_loader:load_all_data_sources:132 - 📊 Found 91 governors
2025-06-24 15:15:48 | INFO     | generator.io_loader:load_all_data_sources:133 - 📊 Found 91 personality profiles
2025-06-24 15:15:48 | INFO     | generator.merger:merge_governor_profiles:224 - 🔄 Merging governor profiles from all data sources...
2025-06-24 15:15:48 | DEBUG    | generator.merger:create_personality_lookup:63 - 📚 Created personality lookup for 90 governors
2025-06-24 15:15:48 | DEBUG    | generator.merger:merge_governor_profiles:244 - ✅ Merged profile for OCCODON
2025-06-24 15:15:48 | DEBUG    | generator.merger:merge_governor_profiles:244 - ✅ Merged profile for PASCOMB
2025-06-24 15:15:48 | DEBUG    | generator.merger:merge_governor_profiles:244 - ✅ Merged profile for VALGARS
2025-06-24 15:15:48 | DEBUG    | generator.merger:merge_governor_profiles:244 - ✅ Merged profile for DOAGNIS
2025-06-24 15:15:48 | DEBUG    | generator.merger:merge_governor_profiles:244 - ✅ Merged profile for PACASNA
2025-06-24 15:15:48 | DEBUG    | generator.merger:merge_governor_profiles:244 - ✅ Merged profile for DIALOIA
2025-06-24 15:15:48 | DEBUG    | generator.merger:merge_governor_profiles:244 - ✅ Merged profile for SAMAPHA
2025-06-24 15:15:48 | DEBUG    | generator.merger:merge_governor_profiles:244 - ✅ Merged profile for VIROOLI
2025-06-24 15:15:48 | DEBUG    | generator.merger:merge_governor_profiles:244 - ✅ Merged profile for ANDISPI
2025-06-24 15:15:48 | DEBUG    | generator.merger:merge_governor_profiles:244 - ✅ Merged profile for ZIXLAYI
2025-06-24 15:15:48 | DEBUG    | generator.merger:merge_governor_profiles:244 - ✅ Merged profile for LABNIXP
2025-06-24 15:15:48 | DEBUG    | generator.merger:merge_governor_profiles:244 - ✅ Merged profile for CALVIZA
2025-06-24 15:15:48 | DEBUG    | generator.merger:merge_governor_profiles:244 - ✅ Merged profile for AVTOTAR
2025-06-24 15:15:48 | DEBUG    | generator.merger:merge_governor_profiles:244 - ✅ Merged profile for ICHIZA
2025-06-24 15:15:48 | DEBUG    | generator.merger:merge_governor_profiles:244 - ✅ Merged profile for TIARPAX
2025-06-24 15:15:48 | DEBUG    | generator.merger:merge_governor_profiles:244 - ✅ Merged profile for SAXTOMP
2025-06-24 15:15:48 | DEBUG    | generator.merger:merge_governor_profiles:244 - ✅ Merged profile for VAUAAMP
2025-06-24 15:15:48 | DEBUG    | generator.merger:merge_governor_profiles:244 - ✅ Merged profile for ZIRZIRD
2025-06-24 15:15:48 | DEBUG    | generator.merger:merge_governor_profiles:244 - ✅ Merged profile for OPMACAS
2025-06-24 15:15:48 | DEBUG    | generator.merger:merge_governor_profiles:244 - ✅ Merged profile for GENADOL
2025-06-24 15:15:48 | DEBUG    | generator.merger:merge_governor_profiles:244 - ✅ Merged profile for ASPIAON
2025-06-24 15:15:48 | DEBUG    | generator.merger:merge_governor_profiles:244 - ✅ Merged profile for ZAMFRES
2025-06-24 15:15:48 | DEBUG    | generator.merger:merge_governor_profiles:244 - ✅ Merged profile for TODNAON
2025-06-24 15:15:48 | DEBUG    | generator.merger:merge_governor_profiles:244 - ✅ Merged profile for PRISTAC
2025-06-24 15:15:48 | DEBUG    | generator.merger:merge_governor_profiles:244 - ✅ Merged profile for ODDIORG
2025-06-24 15:15:48 | DEBUG    | generator.merger:merge_governor_profiles:244 - ✅ Merged profile for CRALPIR
2025-06-24 15:15:48 | DEBUG    | generator.merger:merge_governor_profiles:244 - ✅ Merged profile for DOANZIN
2025-06-24 15:15:48 | WARNING  | generator.merger:merge_governor_profile:209 - ⚠️  LEXARPH missing fields: element - using defaults
2025-06-24 15:15:48 | DEBUG    | generator.merger:merge_governor_profiles:244 - ✅ Merged profile for LEXARPH
2025-06-24 15:15:48 | WARNING  | generator.merger:merge_governor_profile:209 - ⚠️  COMANAN missing fields: element - using defaults
2025-06-24 15:15:48 | DEBUG    | generator.merger:merge_governor_profiles:244 - ✅ Merged profile for COMANAN
2025-06-24 15:15:48 | WARNING  | generator.merger:merge_governor_profile:209 - ⚠️  TABITOM missing fields: element - using defaults
2025-06-24 15:15:48 | DEBUG    | generator.merger:merge_governor_profiles:244 - ✅ Merged profile for TABITOM
2025-06-24 15:15:48 | DEBUG    | generator.merger:merge_governor_profiles:244 - ✅ Merged profile for MOLPAND
2025-06-24 15:15:48 | DEBUG    | generator.merger:merge_governor_profiles:244 - ✅ Merged profile for VSNARDA
2025-06-24 15:15:48 | DEBUG    | generator.merger:merge_governor_profiles:244 - ✅ Merged profile for PONODOL
2025-06-24 15:15:48 | DEBUG    | generator.merger:merge_governor_profiles:244 - ✅ Merged profile for TAPAMAL
2025-06-24 15:15:48 | DEBUG    | generator.merger:merge_governor_profiles:244 - ✅ Merged profile for GEDOONS
2025-06-24 15:15:48 | DEBUG    | generator.merger:merge_governor_profiles:244 - ✅ Merged profile for NOCAMAL
2025-06-24 15:15:48 | DEBUG    | generator.merger:merge_governor_profiles:244 - ✅ Merged profile for ISEMTAR
2025-06-24 15:15:48 | DEBUG    | generator.merger:merge_governor_profiles:244 - ✅ Merged profile for MASTIPT
2025-06-24 15:15:48 | DEBUG    | generator.merger:merge_governor_profiles:244 - ✅ Merged profile for CAMAXOX
2025-06-24 15:15:48 | DEBUG    | generator.merger:merge_governor_profiles:244 - ✅ Merged profile for EXGSDIA
2025-06-24 15:15:48 | DEBUG    | generator.merger:merge_governor_profiles:244 - ✅ Merged profile for SAPDION
2025-06-24 15:15:48 | DEBUG    | generator.merger:merge_governor_profiles:244 - ✅ Merged profile for ALPUDUS
2025-06-24 15:15:48 | DEBUG    | generator.merger:merge_governor_profiles:244 - ✅ Merged profile for TAHAMDO
2025-06-24 15:15:48 | DEBUG    | generator.merger:merge_governor_profiles:244 - ✅ Merged profile for NOTIABI
2025-06-24 15:15:48 | DEBUG    | generator.merger:merge_governor_profiles:244 - ✅ Merged profile for TASTOZO
2025-06-24 15:15:48 | DEBUG    | generator.merger:merge_governor_profiles:244 - ✅ Merged profile for CALZICH
2025-06-24 15:15:48 | DEBUG    | generator.merger:merge_governor_profiles:244 - ✅ Merged profile for ALDAPI
2025-06-24 15:15:48 | DEBUG    | generator.merger:merge_governor_profiles:244 - ✅ Merged profile for ANELOB
2025-06-24 15:15:48 | DEBUG    | generator.merger:merge_governor_profiles:244 - ✅ Merged profile for ARSPHOR
2025-06-24 15:15:48 | DEBUG    | generator.merger:merge_governor_profiles:244 - ✅ Merged profile for AYDROPT
2025-06-24 15:15:48 | DEBUG    | generator.merger:merge_governor_profiles:244 - ✅ Merged profile for TOCARZI
2025-06-24 15:15:48 | DEBUG    | generator.merger:merge_governor_profiles:244 - ✅ Merged profile for CALVIZA
2025-06-24 15:15:48 | DEBUG    | generator.merger:merge_governor_profiles:244 - ✅ Merged profile for SANIZAR
2025-06-24 15:15:48 | DEBUG    | generator.merger:merge_governor_profiles:244 - ✅ Merged profile for CHIALPS
2025-06-24 15:15:48 | DEBUG    | generator.merger:merge_governor_profiles:244 - ✅ Merged profile for ZIRACAH
2025-06-24 15:15:48 | DEBUG    | generator.merger:merge_governor_profiles:244 - ✅ Merged profile for MEMNIE
2025-06-24 15:15:48 | DEBUG    | generator.merger:merge_governor_profiles:244 - ✅ Merged profile for VAUNESH
2025-06-24 15:15:48 | DEBUG    | generator.merger:merge_governor_profiles:244 - ✅ Merged profile for NATGLAF
2025-06-24 15:15:48 | DEBUG    | generator.merger:merge_governor_profiles:244 - ✅ Merged profile for OLXNOSP
2025-06-24 15:15:48 | DEBUG    | generator.merger:merge_governor_profiles:244 - ✅ Merged profile for MIANTRA
2025-06-24 15:15:48 | DEBUG    | generator.merger:merge_governor_profiles:244 - ✅ Merged profile for GAVSTEX
2025-06-24 15:15:48 | DEBUG    | generator.merger:merge_governor_profiles:244 - ✅ Merged profile for LABRINO
2025-06-24 15:15:48 | DEBUG    | generator.merger:merge_governor_profiles:244 - ✅ Merged profile for VORGAMI
2025-06-24 15:15:48 | DEBUG    | generator.merger:merge_governor_profiles:244 - ✅ Merged profile for TASCHOX
2025-06-24 15:15:48 | DEBUG    | generator.merger:merge_governor_profiles:244 - ✅ Merged profile for DOLMANI
2025-06-24 15:15:48 | DEBUG    | generator.merger:merge_governor_profiles:244 - ✅ Merged profile for ZIRFARZ
2025-06-24 15:15:48 | DEBUG    | generator.merger:merge_governor_profiles:244 - ✅ Merged profile for PAZIMOL
2025-06-24 15:15:48 | DEBUG    | generator.merger:merge_governor_profiles:244 - ✅ Merged profile for ONIZIMP
2025-06-24 15:15:48 | DEBUG    | generator.merger:merge_governor_profiles:244 - ✅ Merged profile for ZAXANIN
2025-06-24 15:15:48 | DEBUG    | generator.merger:merge_governor_profiles:244 - ✅ Merged profile for ORANCIR
2025-06-24 15:15:48 | DEBUG    | generator.merger:merge_governor_profiles:244 - ✅ Merged profile for CHASLPO
2025-06-24 15:15:48 | DEBUG    | generator.merger:merge_governor_profiles:244 - ✅ Merged profile for SOAGEEL
2025-06-24 15:15:48 | DEBUG    | generator.merger:merge_governor_profiles:244 - ✅ Merged profile for ERZLAKU
2025-06-24 15:15:48 | DEBUG    | generator.merger:merge_governor_profiles:244 - ✅ Merged profile for OBUAORS
2025-06-24 15:15:48 | DEBUG    | generator.merger:merge_governor_profiles:244 - ✅ Merged profile for RANGLAM
2025-06-24 15:15:48 | WARNING  | generator.merger:merge_governor_profile:209 - ⚠️  ANGLOAI missing fields: element - using defaults
2025-06-24 15:15:48 | DEBUG    | generator.merger:merge_governor_profiles:244 - ✅ Merged profile for ANGLOAI
2025-06-24 15:15:48 | DEBUG    | generator.merger:merge_governor_profiles:244 - ✅ Merged profile for NIGRANA
2025-06-24 15:15:48 | DEBUG    | generator.merger:merge_governor_profiles:244 - ✅ Merged profile for LAZHIIM
2025-06-24 15:15:48 | DEBUG    | generator.merger:merge_governor_profiles:244 - ✅ Merged profile for SAZIAMI
2025-06-24 15:15:48 | DEBUG    | generator.merger:merge_governor_profiles:244 - ✅ Merged profile for MATHVLA
2025-06-24 15:15:48 | DEBUG    | generator.merger:merge_governor_profiles:244 - ✅ Merged profile for CRPANIB
2025-06-24 15:15:48 | DEBUG    | generator.merger:merge_governor_profiles:244 - ✅ Merged profile for PABNIXP
2025-06-24 15:15:48 | WARNING  | generator.merger:merge_governor_profile:209 - ⚠️  POCISNI missing fields: element - using defaults
2025-06-24 15:15:48 | DEBUG    | generator.merger:merge_governor_profiles:244 - ✅ Merged profile for POCISNI
2025-06-24 15:15:48 | DEBUG    | generator.merger:merge_governor_profiles:244 - ✅ Merged profile for OXLOPAR
2025-06-24 15:15:48 | DEBUG    | generator.merger:merge_governor_profiles:244 - ✅ Merged profile for VASTRIM
2025-06-24 15:15:48 | DEBUG    | generator.merger:merge_governor_profiles:244 - ✅ Merged profile for ODRAXTI
2025-06-24 15:15:48 | DEBUG    | generator.merger:merge_governor_profiles:244 - ✅ Merged profile for GMTZIAM
2025-06-24 15:15:48 | DEBUG    | generator.merger:merge_governor_profiles:244 - ✅ Merged profile for TAAOGBA
2025-06-24 15:15:48 | WARNING  | generator.merger:merge_governor_profile:209 - ⚠️  GEMNIMB missing fields: element - using defaults
2025-06-24 15:15:48 | DEBUG    | generator.merger:merge_governor_profiles:244 - ✅ Merged profile for GEMNIMB
2025-06-24 15:15:48 | WARNING  | generator.merger:merge_governor_profile:209 - ⚠️  ADVORPT missing fields: element - using defaults
2025-06-24 15:15:48 | DEBUG    | generator.merger:merge_governor_profiles:244 - ✅ Merged profile for ADVORPT
2025-06-24 15:15:48 | WARNING  | generator.merger:merge_governor_profile:209 - ⚠️  ARCULUS missing fields: element - using defaults
2025-06-24 15:15:48 | DEBUG    | generator.merger:merge_governor_profiles:244 - ✅ Merged profile for ARCULUS
2025-06-24 15:15:48 | SUCCESS  | generator.merger:merge_governor_profiles:251 - 🎉 Successfully merged 90 governor profiles
2025-06-24 15:15:48 | INFO     | generator.merger:merge_governor_profiles:259 - 📊 Element distribution: {'Air': 13, 'Earth': 21, 'Fire': 34, 'Spirit': 5, 'Unknown': 3, 'Water': 14}
2025-06-24 15:15:48 | DEBUG    | generator.question_engine:_parse_questions:63 - 📋 Found thematic block: 1 · Purpose of the Question Catalogue
2025-06-24 15:15:48 | DEBUG    | generator.question_engine:_parse_questions:63 - 📋 Found thematic block: 2 · Master Question Catalogue
2025-06-24 15:15:48 | SUCCESS  | generator.question_engine:_parse_questions:83 - 🎉 Parsed 1 question sets with 102 total questions
2025-06-24 15:15:48 | INFO     | generator.question_engine:__init__:31 - 🔧 Initialized QuestionEngine with 1 thematic blocks
2025-06-24 15:15:48 | INFO     | __main__:main:281 - 🔍 Filtered to 3 governors (from 90 total)
2025-06-24 15:15:48 | INFO     | __main__:generate_outputs:180 - 📝 Generating outputs for 3 governors...
2025-06-24 15:15:48 | INFO     | generator.validator:__init__:30 - 🔧 Initialized ProfileValidator
2025-06-24 15:15:48 | INFO     | generator.exporter:__init__:41 - 🔧 Initialized DossierExporter with templates from templates
2025-06-24 15:15:48 | INFO     | generator.validator:validate_all_profiles:117 - 🔍 Validating 3 governor profiles...
2025-06-24 15:15:48 | DEBUG    | generator.validator:validate_all_profiles:134 - ✅ OCCODON: validated successfully
2025-06-24 15:15:48 | DEBUG    | generator.validator:validate_all_profiles:134 - ✅ VALGARS: validated successfully
2025-06-24 15:15:48 | DEBUG    | generator.validator:validate_all_profiles:134 - ✅ DOAGNIS: validated successfully
2025-06-24 15:15:48 | INFO     | generator.validator:validate_all_profiles:141 - 📊 Validation summary: 0 errors, 0 warnings, 0 suggestions
2025-06-24 15:15:48 | DEBUG    | generator.question_engine:get_questions_for_governor:187 - 🔍 Governor OCCODON terms: ['aeons', 'air', 'alchemy', 'baptises', 'becoming', 'beneath', 'clinging', 'current', 'cycles', 'debris']...
2025-06-24 15:15:48 | DEBUG    | generator.question_engine:get_questions_for_governor:204 - ✅ 2 · Master Question Catalogue: relevance=4, priority=2
2025-06-24 15:15:48 | INFO     | generator.question_engine:get_questions_for_governor:209 - 🎯 Found 1 relevant question sets for OCCODON
2025-06-24 15:15:48 | INFO     | generator.exporter:export_dossier:67 - 📄 Exported dossier for OCCODON to output_complete\OCCODON_dossier.md
2025-06-24 15:15:48 | INFO     | generator.exporter:export_chat_prompt:92 - 💬 Exported chat prompt for OCCODON to output_complete\OCCODON_chat_prompt.txt
2025-06-24 15:15:48 | DEBUG    | generator.question_engine:get_questions_for_governor:187 - 🔍 Governor VALGARS terms: ['artisan', 'circumstance', 'craft', 'diligence', 'enterprising', 'escapism', 'fantasia', 'guild', 'herbal', 'integrity']...
2025-06-24 15:15:48 | DEBUG    | generator.question_engine:get_questions_for_governor:204 - ✅ 2 · Master Question Catalogue: relevance=4, priority=2
2025-06-24 15:15:48 | INFO     | generator.question_engine:get_questions_for_governor:209 - 🎯 Found 1 relevant question sets for VALGARS
2025-06-24 15:15:48 | INFO     | generator.exporter:export_dossier:67 - 📄 Exported dossier for VALGARS to output_complete\VALGARS_dossier.md
2025-06-24 15:15:48 | INFO     | generator.exporter:export_chat_prompt:92 - 💬 Exported chat prompt for VALGARS to output_complete\VALGARS_chat_prompt.txt
2025-06-24 15:15:48 | DEBUG    | generator.question_engine:get_questions_for_governor:187 - 🔍 Governor DOAGNIS terms: ['abuse', 'alluring', 'anonymous', 'answer', 'benefaction', 'courage', 'discerning', 'doctrinal', 'handed', 'humility']...
2025-06-24 15:15:48 | DEBUG    | generator.question_engine:get_questions_for_governor:204 - ✅ 2 · Master Question Catalogue: relevance=5, priority=2
2025-06-24 15:15:48 | INFO     | generator.question_engine:get_questions_for_governor:209 - 🎯 Found 1 relevant question sets for DOAGNIS
2025-06-24 15:15:48 | INFO     | generator.exporter:export_dossier:67 - 📄 Exported dossier for DOAGNIS to output_complete\DOAGNIS_dossier.md
2025-06-24 15:15:48 | INFO     | generator.exporter:export_chat_prompt:92 - 💬 Exported chat prompt for DOAGNIS to output_complete\DOAGNIS_chat_prompt.txt
2025-06-24 15:15:48 | INFO     | generator.validator:generate_completeness_report:147 - 📋 Generating completeness report...
2025-06-24 15:15:48 | INFO     | generator.validator:validate_all_profiles:117 - 🔍 Validating 3 governor profiles...
2025-06-24 15:15:48 | DEBUG    | generator.validator:validate_all_profiles:134 - ✅ OCCODON: validated successfully
2025-06-24 15:15:48 | DEBUG    | generator.validator:validate_all_profiles:134 - ✅ VALGARS: validated successfully
2025-06-24 15:15:48 | DEBUG    | generator.validator:validate_all_profiles:134 - ✅ DOAGNIS: validated successfully
2025-06-24 15:15:48 | INFO     | generator.validator:validate_all_profiles:141 - 📊 Validation summary: 0 errors, 0 warnings, 0 suggestions
2025-06-24 15:15:48 | SUCCESS  | generator.validator:generate_completeness_report:262 - 📋 Generated completeness report
2025-06-24 15:15:48 | SUCCESS  | generator.exporter:export_validation_report:213 - 📋 Exported validation report to output_complete\reports\validation_report.md
2025-06-24 15:15:48 | DEBUG    | generator.question_engine:get_questions_for_governor:187 - 🔍 Governor OCCODON terms: ['aeons', 'air', 'alchemy', 'baptises', 'becoming', 'beneath', 'clinging', 'current', 'cycles', 'debris']...
2025-06-24 15:15:48 | DEBUG    | generator.question_engine:get_questions_for_governor:204 - ✅ 2 · Master Question Catalogue: relevance=4, priority=2
2025-06-24 15:15:48 | INFO     | generator.question_engine:get_questions_for_governor:209 - 🎯 Found 1 relevant question sets for OCCODON
2025-06-24 15:15:48 | DEBUG    | generator.question_engine:get_questions_for_governor:187 - 🔍 Governor VALGARS terms: ['artisan', 'circumstance', 'craft', 'diligence', 'enterprising', 'escapism', 'fantasia', 'guild', 'herbal', 'integrity']...
2025-06-24 15:15:48 | DEBUG    | generator.question_engine:get_questions_for_governor:204 - ✅ 2 · Master Question Catalogue: relevance=4, priority=2
2025-06-24 15:15:48 | INFO     | generator.question_engine:get_questions_for_governor:209 - 🎯 Found 1 relevant question sets for VALGARS
2025-06-24 15:15:48 | DEBUG    | generator.question_engine:get_questions_for_governor:187 - 🔍 Governor DOAGNIS terms: ['abuse', 'alluring', 'anonymous', 'answer', 'benefaction', 'courage', 'discerning', 'doctrinal', 'handed', 'humility']...
2025-06-24 15:15:48 | DEBUG    | generator.question_engine:get_questions_for_governor:204 - ✅ 2 · Master Question Catalogue: relevance=5, priority=2
2025-06-24 15:15:48 | INFO     | generator.question_engine:get_questions_for_governor:209 - 🎯 Found 1 relevant question sets for DOAGNIS
2025-06-24 15:15:48 | DEBUG    | generator.question_engine:get_questions_for_governor:187 - 🔍 Governor OCCODON terms: ['aeons', 'air', 'alchemy', 'baptises', 'becoming', 'beneath', 'clinging', 'current', 'cycles', 'debris']...
2025-06-24 15:15:48 | DEBUG    | generator.question_engine:get_questions_for_governor:204 - ✅ 2 · Master Question Catalogue: relevance=4, priority=2
2025-06-24 15:15:48 | INFO     | generator.question_engine:get_questions_for_governor:209 - 🎯 Found 1 relevant question sets for OCCODON
2025-06-24 15:15:48 | DEBUG    | generator.question_engine:get_questions_for_governor:187 - 🔍 Governor VALGARS terms: ['artisan', 'circumstance', 'craft', 'diligence', 'enterprising', 'escapism', 'fantasia', 'guild', 'herbal', 'integrity']...
2025-06-24 15:15:48 | DEBUG    | generator.question_engine:get_questions_for_governor:204 - ✅ 2 · Master Question Catalogue: relevance=4, priority=2
2025-06-24 15:15:48 | INFO     | generator.question_engine:get_questions_for_governor:209 - 🎯 Found 1 relevant question sets for VALGARS
2025-06-24 15:15:48 | DEBUG    | generator.question_engine:get_questions_for_governor:187 - 🔍 Governor DOAGNIS terms: ['abuse', 'alluring', 'anonymous', 'answer', 'benefaction', 'courage', 'discerning', 'doctrinal', 'handed', 'humility']...
2025-06-24 15:15:48 | DEBUG    | generator.question_engine:get_questions_for_governor:204 - ✅ 2 · Master Question Catalogue: relevance=5, priority=2
2025-06-24 15:15:48 | INFO     | generator.question_engine:get_questions_for_governor:209 - 🎯 Found 1 relevant question sets for DOAGNIS
2025-06-24 15:15:48 | SUCCESS  | generator.exporter:export_question_analysis:292 - 🔍 Exported question analysis to output_complete\reports\question_analysis.md
2025-06-24 15:15:48 | SUCCESS  | generator.exporter:export_csv_report:154 - 📊 Exported CSV report with 3 governors to output_complete\governor_profiles.csv
2025-06-24 15:15:48 | SUCCESS  | __main__:generate_outputs:242 - 🎉 Generated outputs for 3/3 governors in output_complete
