2025-06-24 16:03:26 | INFO     | generator.config:setup_logging:105 - 🚀 Complete Governor Dossier Generator v1.0.0 - Logging initialized
2025-06-24 16:03:26 | INFO     | generator.config:setup_logging:106 - 📁 Project root: D:\Enochian Cyphers\Governor Generation
2025-06-24 16:03:26 | INFO     | generator.config:setup_logging:107 - 📝 Log file: D:\Enochian Cyphers\Governor Generation\logs\generator_20250624_160326.log
2025-06-24 16:03:26 | INFO     | generator.io_loader:load_all_data_sources:99 - 📂 Loading all data sources...
2025-06-24 16:03:26 | DEBUG    | generator.io_loader:load_json_file:31 - ✅ Loaded JSON: D:\Enochian Cyphers\Governor Generation\governors_dossier.json (106193 chars)
2025-06-24 16:03:26 | DEBUG    | generator.io_loader:load_json_file:31 - ✅ Loaded JSON: D:\Enochian Cyphers\Governor Generation\personality_traits.json (41783 chars)
2025-06-24 16:03:26 | DEBUG    | generator.io_loader:load_json_file:31 - ✅ Loaded JSON: D:\Enochian Cyphers\Governor Generation\visual_description.json (6132 chars)
2025-06-24 16:03:26 | WARNING  | generator.io_loader:validate_governors_data:70 - ⚠️  ALDAPI missing canonical_traits, creating empty
2025-06-24 16:03:26 | WARNING  | generator.io_loader:validate_governors_data:70 - ⚠️  ANELOB missing canonical_traits, creating empty
2025-06-24 16:03:26 | WARNING  | generator.io_loader:validate_governors_data:70 - ⚠️  ARSPHOR missing canonical_traits, creating empty
2025-06-24 16:03:26 | WARNING  | generator.io_loader:validate_governors_data:70 - ⚠️  AYDROPT missing canonical_traits, creating empty
2025-06-24 16:03:26 | WARNING  | generator.io_loader:validate_governors_data:70 - ⚠️  TOCARZI missing canonical_traits, creating empty
2025-06-24 16:03:26 | WARNING  | generator.io_loader:validate_governors_data:70 - ⚠️  CALVIZA missing canonical_traits, creating empty
2025-06-24 16:03:26 | WARNING  | generator.io_loader:validate_governors_data:70 - ⚠️  SANIZAR missing canonical_traits, creating empty
2025-06-24 16:03:26 | WARNING  | generator.io_loader:validate_governors_data:70 - ⚠️  CHIALPS missing canonical_traits, creating empty
2025-06-24 16:03:26 | WARNING  | generator.io_loader:validate_governors_data:70 - ⚠️  ZIRACAH missing canonical_traits, creating empty
2025-06-24 16:03:26 | WARNING  | generator.io_loader:validate_governors_data:70 - ⚠️  MEMNIE missing canonical_traits, creating empty
2025-06-24 16:03:26 | WARNING  | generator.io_loader:validate_governors_data:70 - ⚠️  VAUNESH missing canonical_traits, creating empty
2025-06-24 16:03:26 | WARNING  | generator.io_loader:validate_governors_data:70 - ⚠️  NATGLAF missing canonical_traits, creating empty
2025-06-24 16:03:26 | WARNING  | generator.io_loader:validate_governors_data:70 - ⚠️  OLXNOSP missing canonical_traits, creating empty
2025-06-24 16:03:26 | WARNING  | generator.io_loader:validate_governors_data:70 - ⚠️  MIANTRA missing canonical_traits, creating empty
2025-06-24 16:03:26 | WARNING  | generator.io_loader:validate_governors_data:70 - ⚠️  GAVSTEX missing canonical_traits, creating empty
2025-06-24 16:03:26 | WARNING  | generator.io_loader:validate_governors_data:70 - ⚠️  LABRINO missing canonical_traits, creating empty
2025-06-24 16:03:26 | WARNING  | generator.io_loader:validate_governors_data:70 - ⚠️  VORGAMI missing canonical_traits, creating empty
2025-06-24 16:03:26 | WARNING  | generator.io_loader:validate_governors_data:70 - ⚠️  TASCHOX missing canonical_traits, creating empty
2025-06-24 16:03:26 | WARNING  | generator.io_loader:validate_governors_data:70 - ⚠️  DOLMANI missing canonical_traits, creating empty
2025-06-24 16:03:26 | WARNING  | generator.io_loader:validate_governors_data:70 - ⚠️  ZIRFARZ missing canonical_traits, creating empty
2025-06-24 16:03:26 | WARNING  | generator.io_loader:validate_governors_data:70 - ⚠️  PAZIMOL missing canonical_traits, creating empty
2025-06-24 16:03:26 | WARNING  | generator.io_loader:validate_governors_data:70 - ⚠️  ONIZIMP missing canonical_traits, creating empty
2025-06-24 16:03:26 | WARNING  | generator.io_loader:validate_governors_data:70 - ⚠️  ZAXANIN missing canonical_traits, creating empty
2025-06-24 16:03:26 | WARNING  | generator.io_loader:validate_governors_data:70 - ⚠️  ORANCIR missing canonical_traits, creating empty
2025-06-24 16:03:26 | WARNING  | generator.io_loader:validate_governors_data:70 - ⚠️  CHASLPO missing canonical_traits, creating empty
2025-06-24 16:03:26 | WARNING  | generator.io_loader:validate_governors_data:70 - ⚠️  SOAGEEL missing canonical_traits, creating empty
2025-06-24 16:03:26 | WARNING  | generator.io_loader:validate_governors_data:70 - ⚠️  ERZLAKU missing canonical_traits, creating empty
2025-06-24 16:03:26 | WARNING  | generator.io_loader:validate_governors_data:70 - ⚠️  OBUAORS missing canonical_traits, creating empty
2025-06-24 16:03:26 | WARNING  | generator.io_loader:validate_governors_data:70 - ⚠️  RANGLAM missing canonical_traits, creating empty
2025-06-24 16:03:26 | WARNING  | generator.io_loader:validate_governors_data:70 - ⚠️  ANGLOAI missing canonical_traits, creating empty
2025-06-24 16:03:26 | WARNING  | generator.io_loader:validate_governors_data:70 - ⚠️  NIGRANA missing canonical_traits, creating empty
2025-06-24 16:03:26 | WARNING  | generator.io_loader:validate_governors_data:70 - ⚠️  LAZHIIM missing canonical_traits, creating empty
2025-06-24 16:03:26 | WARNING  | generator.io_loader:validate_governors_data:70 - ⚠️  SAZIAMI missing canonical_traits, creating empty
2025-06-24 16:03:26 | WARNING  | generator.io_loader:validate_governors_data:70 - ⚠️  MATHVLA missing canonical_traits, creating empty
2025-06-24 16:03:26 | WARNING  | generator.io_loader:validate_governors_data:70 - ⚠️  CRPANIB missing canonical_traits, creating empty
2025-06-24 16:03:26 | WARNING  | generator.io_loader:validate_governors_data:70 - ⚠️  PABNIXP missing canonical_traits, creating empty
2025-06-24 16:03:26 | WARNING  | generator.io_loader:validate_governors_data:70 - ⚠️  POCISNI missing canonical_traits, creating empty
2025-06-24 16:03:26 | WARNING  | generator.io_loader:validate_governors_data:70 - ⚠️  OXLOPAR missing canonical_traits, creating empty
2025-06-24 16:03:26 | WARNING  | generator.io_loader:validate_governors_data:70 - ⚠️  VASTRIM missing canonical_traits, creating empty
2025-06-24 16:03:26 | WARNING  | generator.io_loader:validate_governors_data:70 - ⚠️  ODRAXTI missing canonical_traits, creating empty
2025-06-24 16:03:26 | WARNING  | generator.io_loader:validate_governors_data:70 - ⚠️  GMTZIAM missing canonical_traits, creating empty
2025-06-24 16:03:26 | WARNING  | generator.io_loader:validate_governors_data:70 - ⚠️  TAAOGBA missing canonical_traits, creating empty
2025-06-24 16:03:26 | WARNING  | generator.io_loader:validate_governors_data:70 - ⚠️  GEMNIMB missing canonical_traits, creating empty
2025-06-24 16:03:26 | WARNING  | generator.io_loader:validate_governors_data:70 - ⚠️  ADVORPT missing canonical_traits, creating empty
2025-06-24 16:03:26 | WARNING  | generator.io_loader:validate_governors_data:70 - ⚠️  ARCULUS missing canonical_traits, creating empty
2025-06-24 16:03:26 | INFO     | generator.io_loader:validate_governors_data:80 - ✅ Validated 91 governors from 91 total
2025-06-24 16:03:26 | DEBUG    | generator.io_loader:load_text_file:49 - ✅ Loaded text: D:\Enochian Cyphers\Governor Generation\questions.md (10248 chars)
2025-06-24 16:03:26 | DEBUG    | generator.io_loader:load_text_file:49 - ✅ Loaded text: D:\Enochian Cyphers\Governor Generation\utility_application_matrix.md (76360 chars)
2025-06-24 16:03:26 | DEBUG    | generator.io_loader:load_text_file:49 - ✅ Loaded text: D:\Enochian Cyphers\Governor Generation\ENOCHIAN_GOVERNORS_LORE_COMPENDIUM.md (122794 chars)
2025-06-24 16:03:26 | DEBUG    | generator.io_loader:load_text_file:49 - ✅ Loaded text: D:\Enochian Cyphers\Governor Generation\prompt_approach_adaptation.md (5779 chars)
2025-06-24 16:03:26 | DEBUG    | generator.io_loader:load_text_file:49 - ✅ Loaded text: D:\Enochian Cyphers\Governor Generation\descriptive_formula.md (2843 chars)
2025-06-24 16:03:26 | DEBUG    | generator.io_loader:load_text_file:49 - ✅ Loaded text: D:\Enochian Cyphers\Governor Generation\TEMPLATE_CONSTRUCTION_CHECKLIST.md (2889 chars)
2025-06-24 16:03:26 | SUCCESS  | generator.io_loader:load_all_data_sources:131 - 🎉 Successfully loaded all 9 data sources
2025-06-24 16:03:26 | INFO     | generator.io_loader:load_all_data_sources:132 - 📊 Found 91 governors
2025-06-24 16:03:26 | INFO     | generator.io_loader:load_all_data_sources:133 - 📊 Found 91 personality profiles
2025-06-24 16:03:26 | INFO     | generator.merger:merge_governor_profiles:224 - 🔄 Merging governor profiles from all data sources...
2025-06-24 16:03:26 | DEBUG    | generator.merger:create_personality_lookup:63 - 📚 Created personality lookup for 90 governors
2025-06-24 16:03:26 | DEBUG    | generator.merger:merge_governor_profiles:244 - ✅ Merged profile for OCCODON
2025-06-24 16:03:26 | DEBUG    | generator.merger:merge_governor_profiles:244 - ✅ Merged profile for PASCOMB
2025-06-24 16:03:26 | DEBUG    | generator.merger:merge_governor_profiles:244 - ✅ Merged profile for VALGARS
2025-06-24 16:03:26 | DEBUG    | generator.merger:merge_governor_profiles:244 - ✅ Merged profile for DOAGNIS
2025-06-24 16:03:26 | DEBUG    | generator.merger:merge_governor_profiles:244 - ✅ Merged profile for PACASNA
2025-06-24 16:03:26 | DEBUG    | generator.merger:merge_governor_profiles:244 - ✅ Merged profile for DIALOIA
2025-06-24 16:03:26 | DEBUG    | generator.merger:merge_governor_profiles:244 - ✅ Merged profile for SAMAPHA
2025-06-24 16:03:26 | DEBUG    | generator.merger:merge_governor_profiles:244 - ✅ Merged profile for VIROOLI
2025-06-24 16:03:26 | DEBUG    | generator.merger:merge_governor_profiles:244 - ✅ Merged profile for ANDISPI
2025-06-24 16:03:26 | DEBUG    | generator.merger:merge_governor_profiles:244 - ✅ Merged profile for ZIXLAYI
2025-06-24 16:03:26 | DEBUG    | generator.merger:merge_governor_profiles:244 - ✅ Merged profile for LABNIXP
2025-06-24 16:03:26 | DEBUG    | generator.merger:merge_governor_profiles:244 - ✅ Merged profile for CALVIZA
2025-06-24 16:03:26 | DEBUG    | generator.merger:merge_governor_profiles:244 - ✅ Merged profile for AVTOTAR
2025-06-24 16:03:26 | DEBUG    | generator.merger:merge_governor_profiles:244 - ✅ Merged profile for ICHIZA
2025-06-24 16:03:26 | DEBUG    | generator.merger:merge_governor_profiles:244 - ✅ Merged profile for TIARPAX
2025-06-24 16:03:26 | DEBUG    | generator.merger:merge_governor_profiles:244 - ✅ Merged profile for SAXTOMP
2025-06-24 16:03:26 | DEBUG    | generator.merger:merge_governor_profiles:244 - ✅ Merged profile for VAUAAMP
2025-06-24 16:03:26 | DEBUG    | generator.merger:merge_governor_profiles:244 - ✅ Merged profile for ZIRZIRD
2025-06-24 16:03:26 | DEBUG    | generator.merger:merge_governor_profiles:244 - ✅ Merged profile for OPMACAS
2025-06-24 16:03:26 | DEBUG    | generator.merger:merge_governor_profiles:244 - ✅ Merged profile for GENADOL
2025-06-24 16:03:26 | DEBUG    | generator.merger:merge_governor_profiles:244 - ✅ Merged profile for ASPIAON
2025-06-24 16:03:26 | DEBUG    | generator.merger:merge_governor_profiles:244 - ✅ Merged profile for ZAMFRES
2025-06-24 16:03:26 | DEBUG    | generator.merger:merge_governor_profiles:244 - ✅ Merged profile for TODNAON
2025-06-24 16:03:26 | DEBUG    | generator.merger:merge_governor_profiles:244 - ✅ Merged profile for PRISTAC
2025-06-24 16:03:26 | DEBUG    | generator.merger:merge_governor_profiles:244 - ✅ Merged profile for ODDIORG
2025-06-24 16:03:26 | DEBUG    | generator.merger:merge_governor_profiles:244 - ✅ Merged profile for CRALPIR
2025-06-24 16:03:26 | DEBUG    | generator.merger:merge_governor_profiles:244 - ✅ Merged profile for DOANZIN
2025-06-24 16:03:26 | WARNING  | generator.merger:merge_governor_profile:209 - ⚠️  LEXARPH missing fields: element - using defaults
2025-06-24 16:03:26 | DEBUG    | generator.merger:merge_governor_profiles:244 - ✅ Merged profile for LEXARPH
2025-06-24 16:03:26 | WARNING  | generator.merger:merge_governor_profile:209 - ⚠️  COMANAN missing fields: element - using defaults
2025-06-24 16:03:26 | DEBUG    | generator.merger:merge_governor_profiles:244 - ✅ Merged profile for COMANAN
2025-06-24 16:03:26 | WARNING  | generator.merger:merge_governor_profile:209 - ⚠️  TABITOM missing fields: element - using defaults
2025-06-24 16:03:26 | DEBUG    | generator.merger:merge_governor_profiles:244 - ✅ Merged profile for TABITOM
2025-06-24 16:03:26 | DEBUG    | generator.merger:merge_governor_profiles:244 - ✅ Merged profile for MOLPAND
2025-06-24 16:03:26 | DEBUG    | generator.merger:merge_governor_profiles:244 - ✅ Merged profile for VSNARDA
2025-06-24 16:03:26 | DEBUG    | generator.merger:merge_governor_profiles:244 - ✅ Merged profile for PONODOL
2025-06-24 16:03:26 | DEBUG    | generator.merger:merge_governor_profiles:244 - ✅ Merged profile for TAPAMAL
2025-06-24 16:03:26 | DEBUG    | generator.merger:merge_governor_profiles:244 - ✅ Merged profile for GEDOONS
2025-06-24 16:03:26 | DEBUG    | generator.merger:merge_governor_profiles:244 - ✅ Merged profile for NOCAMAL
2025-06-24 16:03:26 | DEBUG    | generator.merger:merge_governor_profiles:244 - ✅ Merged profile for ISEMTAR
2025-06-24 16:03:26 | DEBUG    | generator.merger:merge_governor_profiles:244 - ✅ Merged profile for MASTIPT
2025-06-24 16:03:26 | DEBUG    | generator.merger:merge_governor_profiles:244 - ✅ Merged profile for CAMAXOX
2025-06-24 16:03:26 | DEBUG    | generator.merger:merge_governor_profiles:244 - ✅ Merged profile for EXGSDIA
2025-06-24 16:03:26 | DEBUG    | generator.merger:merge_governor_profiles:244 - ✅ Merged profile for SAPDION
2025-06-24 16:03:26 | DEBUG    | generator.merger:merge_governor_profiles:244 - ✅ Merged profile for ALPUDUS
2025-06-24 16:03:26 | DEBUG    | generator.merger:merge_governor_profiles:244 - ✅ Merged profile for TAHAMDO
2025-06-24 16:03:26 | DEBUG    | generator.merger:merge_governor_profiles:244 - ✅ Merged profile for NOTIABI
2025-06-24 16:03:26 | DEBUG    | generator.merger:merge_governor_profiles:244 - ✅ Merged profile for TASTOZO
2025-06-24 16:03:26 | DEBUG    | generator.merger:merge_governor_profiles:244 - ✅ Merged profile for CALZICH
2025-06-24 16:03:26 | WARNING  | generator.merger:merge_governor_profile:209 - ⚠️  ALDAPI missing fields: element - using defaults
2025-06-24 16:03:26 | DEBUG    | generator.merger:merge_governor_profiles:244 - ✅ Merged profile for ALDAPI
2025-06-24 16:03:26 | WARNING  | generator.merger:merge_governor_profile:209 - ⚠️  ANELOB missing fields: element - using defaults
2025-06-24 16:03:26 | DEBUG    | generator.merger:merge_governor_profiles:244 - ✅ Merged profile for ANELOB
2025-06-24 16:03:26 | WARNING  | generator.merger:merge_governor_profile:209 - ⚠️  ARSPHOR missing fields: element - using defaults
2025-06-24 16:03:26 | DEBUG    | generator.merger:merge_governor_profiles:244 - ✅ Merged profile for ARSPHOR
2025-06-24 16:03:26 | WARNING  | generator.merger:merge_governor_profile:209 - ⚠️  AYDROPT missing fields: element - using defaults
2025-06-24 16:03:26 | DEBUG    | generator.merger:merge_governor_profiles:244 - ✅ Merged profile for AYDROPT
2025-06-24 16:03:26 | WARNING  | generator.merger:merge_governor_profile:209 - ⚠️  TOCARZI missing fields: element - using defaults
2025-06-24 16:03:26 | DEBUG    | generator.merger:merge_governor_profiles:244 - ✅ Merged profile for TOCARZI
2025-06-24 16:03:26 | WARNING  | generator.merger:merge_governor_profile:209 - ⚠️  CALVIZA missing fields: element - using defaults
2025-06-24 16:03:26 | DEBUG    | generator.merger:merge_governor_profiles:244 - ✅ Merged profile for CALVIZA
2025-06-24 16:03:26 | WARNING  | generator.merger:merge_governor_profile:209 - ⚠️  SANIZAR missing fields: element - using defaults
2025-06-24 16:03:26 | DEBUG    | generator.merger:merge_governor_profiles:244 - ✅ Merged profile for SANIZAR
2025-06-24 16:03:26 | WARNING  | generator.merger:merge_governor_profile:209 - ⚠️  CHIALPS missing fields: element - using defaults
2025-06-24 16:03:26 | DEBUG    | generator.merger:merge_governor_profiles:244 - ✅ Merged profile for CHIALPS
2025-06-24 16:03:26 | WARNING  | generator.merger:merge_governor_profile:209 - ⚠️  ZIRACAH missing fields: element - using defaults
2025-06-24 16:03:26 | DEBUG    | generator.merger:merge_governor_profiles:244 - ✅ Merged profile for ZIRACAH
2025-06-24 16:03:26 | WARNING  | generator.merger:merge_governor_profile:209 - ⚠️  MEMNIE missing fields: element - using defaults
2025-06-24 16:03:26 | DEBUG    | generator.merger:merge_governor_profiles:244 - ✅ Merged profile for MEMNIE
2025-06-24 16:03:26 | WARNING  | generator.merger:merge_governor_profile:209 - ⚠️  VAUNESH missing fields: element - using defaults
2025-06-24 16:03:26 | DEBUG    | generator.merger:merge_governor_profiles:244 - ✅ Merged profile for VAUNESH
2025-06-24 16:03:26 | WARNING  | generator.merger:merge_governor_profile:209 - ⚠️  NATGLAF missing fields: element - using defaults
2025-06-24 16:03:26 | DEBUG    | generator.merger:merge_governor_profiles:244 - ✅ Merged profile for NATGLAF
2025-06-24 16:03:26 | WARNING  | generator.merger:merge_governor_profile:209 - ⚠️  OLXNOSP missing fields: element - using defaults
2025-06-24 16:03:26 | DEBUG    | generator.merger:merge_governor_profiles:244 - ✅ Merged profile for OLXNOSP
2025-06-24 16:03:26 | WARNING  | generator.merger:merge_governor_profile:209 - ⚠️  MIANTRA missing fields: element - using defaults
2025-06-24 16:03:26 | DEBUG    | generator.merger:merge_governor_profiles:244 - ✅ Merged profile for MIANTRA
2025-06-24 16:03:26 | WARNING  | generator.merger:merge_governor_profile:209 - ⚠️  GAVSTEX missing fields: element - using defaults
2025-06-24 16:03:26 | DEBUG    | generator.merger:merge_governor_profiles:244 - ✅ Merged profile for GAVSTEX
2025-06-24 16:03:26 | WARNING  | generator.merger:merge_governor_profile:209 - ⚠️  LABRINO missing fields: element - using defaults
2025-06-24 16:03:26 | DEBUG    | generator.merger:merge_governor_profiles:244 - ✅ Merged profile for LABRINO
2025-06-24 16:03:26 | WARNING  | generator.merger:merge_governor_profile:209 - ⚠️  VORGAMI missing fields: element - using defaults
2025-06-24 16:03:26 | DEBUG    | generator.merger:merge_governor_profiles:244 - ✅ Merged profile for VORGAMI
2025-06-24 16:03:26 | WARNING  | generator.merger:merge_governor_profile:209 - ⚠️  TASCHOX missing fields: element - using defaults
2025-06-24 16:03:26 | DEBUG    | generator.merger:merge_governor_profiles:244 - ✅ Merged profile for TASCHOX
2025-06-24 16:03:26 | WARNING  | generator.merger:merge_governor_profile:209 - ⚠️  DOLMANI missing fields: element - using defaults
2025-06-24 16:03:26 | DEBUG    | generator.merger:merge_governor_profiles:244 - ✅ Merged profile for DOLMANI
2025-06-24 16:03:26 | WARNING  | generator.merger:merge_governor_profile:209 - ⚠️  ZIRFARZ missing fields: element - using defaults
2025-06-24 16:03:26 | DEBUG    | generator.merger:merge_governor_profiles:244 - ✅ Merged profile for ZIRFARZ
2025-06-24 16:03:26 | WARNING  | generator.merger:merge_governor_profile:209 - ⚠️  PAZIMOL missing fields: element - using defaults
2025-06-24 16:03:26 | DEBUG    | generator.merger:merge_governor_profiles:244 - ✅ Merged profile for PAZIMOL
2025-06-24 16:03:26 | WARNING  | generator.merger:merge_governor_profile:209 - ⚠️  ONIZIMP missing fields: element - using defaults
2025-06-24 16:03:26 | DEBUG    | generator.merger:merge_governor_profiles:244 - ✅ Merged profile for ONIZIMP
2025-06-24 16:03:26 | WARNING  | generator.merger:merge_governor_profile:209 - ⚠️  ZAXANIN missing fields: element - using defaults
2025-06-24 16:03:26 | DEBUG    | generator.merger:merge_governor_profiles:244 - ✅ Merged profile for ZAXANIN
2025-06-24 16:03:26 | WARNING  | generator.merger:merge_governor_profile:209 - ⚠️  ORANCIR missing fields: element - using defaults
2025-06-24 16:03:26 | DEBUG    | generator.merger:merge_governor_profiles:244 - ✅ Merged profile for ORANCIR
2025-06-24 16:03:26 | WARNING  | generator.merger:merge_governor_profile:209 - ⚠️  CHASLPO missing fields: element - using defaults
2025-06-24 16:03:26 | DEBUG    | generator.merger:merge_governor_profiles:244 - ✅ Merged profile for CHASLPO
2025-06-24 16:03:26 | WARNING  | generator.merger:merge_governor_profile:209 - ⚠️  SOAGEEL missing fields: element - using defaults
2025-06-24 16:03:26 | DEBUG    | generator.merger:merge_governor_profiles:244 - ✅ Merged profile for SOAGEEL
2025-06-24 16:03:26 | WARNING  | generator.merger:merge_governor_profile:209 - ⚠️  ERZLAKU missing fields: element - using defaults
2025-06-24 16:03:26 | DEBUG    | generator.merger:merge_governor_profiles:244 - ✅ Merged profile for ERZLAKU
2025-06-24 16:03:26 | WARNING  | generator.merger:merge_governor_profile:209 - ⚠️  OBUAORS missing fields: element - using defaults
2025-06-24 16:03:26 | DEBUG    | generator.merger:merge_governor_profiles:244 - ✅ Merged profile for OBUAORS
2025-06-24 16:03:26 | WARNING  | generator.merger:merge_governor_profile:209 - ⚠️  RANGLAM missing fields: element - using defaults
2025-06-24 16:03:26 | DEBUG    | generator.merger:merge_governor_profiles:244 - ✅ Merged profile for RANGLAM
2025-06-24 16:03:26 | WARNING  | generator.merger:merge_governor_profile:209 - ⚠️  ANGLOAI missing fields: element - using defaults
2025-06-24 16:03:26 | DEBUG    | generator.merger:merge_governor_profiles:244 - ✅ Merged profile for ANGLOAI
2025-06-24 16:03:26 | WARNING  | generator.merger:merge_governor_profile:209 - ⚠️  NIGRANA missing fields: element - using defaults
2025-06-24 16:03:26 | DEBUG    | generator.merger:merge_governor_profiles:244 - ✅ Merged profile for NIGRANA
2025-06-24 16:03:26 | WARNING  | generator.merger:merge_governor_profile:209 - ⚠️  LAZHIIM missing fields: element - using defaults
2025-06-24 16:03:26 | DEBUG    | generator.merger:merge_governor_profiles:244 - ✅ Merged profile for LAZHIIM
2025-06-24 16:03:26 | WARNING  | generator.merger:merge_governor_profile:209 - ⚠️  SAZIAMI missing fields: element - using defaults
2025-06-24 16:03:26 | DEBUG    | generator.merger:merge_governor_profiles:244 - ✅ Merged profile for SAZIAMI
2025-06-24 16:03:26 | WARNING  | generator.merger:merge_governor_profile:209 - ⚠️  MATHVLA missing fields: element - using defaults
2025-06-24 16:03:26 | DEBUG    | generator.merger:merge_governor_profiles:244 - ✅ Merged profile for MATHVLA
2025-06-24 16:03:26 | WARNING  | generator.merger:merge_governor_profile:209 - ⚠️  CRPANIB missing fields: element - using defaults
2025-06-24 16:03:26 | DEBUG    | generator.merger:merge_governor_profiles:244 - ✅ Merged profile for CRPANIB
2025-06-24 16:03:26 | WARNING  | generator.merger:merge_governor_profile:209 - ⚠️  PABNIXP missing fields: element - using defaults
2025-06-24 16:03:26 | DEBUG    | generator.merger:merge_governor_profiles:244 - ✅ Merged profile for PABNIXP
2025-06-24 16:03:26 | WARNING  | generator.merger:merge_governor_profile:209 - ⚠️  POCISNI missing fields: element - using defaults
2025-06-24 16:03:26 | DEBUG    | generator.merger:merge_governor_profiles:244 - ✅ Merged profile for POCISNI
2025-06-24 16:03:26 | WARNING  | generator.merger:merge_governor_profile:209 - ⚠️  OXLOPAR missing fields: element - using defaults
2025-06-24 16:03:26 | DEBUG    | generator.merger:merge_governor_profiles:244 - ✅ Merged profile for OXLOPAR
2025-06-24 16:03:26 | WARNING  | generator.merger:merge_governor_profile:209 - ⚠️  VASTRIM missing fields: element - using defaults
2025-06-24 16:03:26 | DEBUG    | generator.merger:merge_governor_profiles:244 - ✅ Merged profile for VASTRIM
2025-06-24 16:03:26 | WARNING  | generator.merger:merge_governor_profile:209 - ⚠️  ODRAXTI missing fields: element - using defaults
2025-06-24 16:03:26 | DEBUG    | generator.merger:merge_governor_profiles:244 - ✅ Merged profile for ODRAXTI
2025-06-24 16:03:26 | WARNING  | generator.merger:merge_governor_profile:209 - ⚠️  GMTZIAM missing fields: element - using defaults
2025-06-24 16:03:26 | DEBUG    | generator.merger:merge_governor_profiles:244 - ✅ Merged profile for GMTZIAM
2025-06-24 16:03:26 | WARNING  | generator.merger:merge_governor_profile:209 - ⚠️  TAAOGBA missing fields: element - using defaults
2025-06-24 16:03:26 | DEBUG    | generator.merger:merge_governor_profiles:244 - ✅ Merged profile for TAAOGBA
2025-06-24 16:03:26 | WARNING  | generator.merger:merge_governor_profile:209 - ⚠️  GEMNIMB missing fields: element - using defaults
2025-06-24 16:03:26 | DEBUG    | generator.merger:merge_governor_profiles:244 - ✅ Merged profile for GEMNIMB
2025-06-24 16:03:26 | WARNING  | generator.merger:merge_governor_profile:209 - ⚠️  ADVORPT missing fields: element - using defaults
2025-06-24 16:03:26 | DEBUG    | generator.merger:merge_governor_profiles:244 - ✅ Merged profile for ADVORPT
2025-06-24 16:03:26 | WARNING  | generator.merger:merge_governor_profile:209 - ⚠️  ARCULUS missing fields: element - using defaults
2025-06-24 16:03:26 | DEBUG    | generator.merger:merge_governor_profiles:244 - ✅ Merged profile for ARCULUS
2025-06-24 16:03:26 | SUCCESS  | generator.merger:merge_governor_profiles:251 - 🎉 Successfully merged 90 governor profiles
2025-06-24 16:03:26 | INFO     | generator.merger:merge_governor_profiles:259 - 📊 Element distribution: {'Air': 5, 'Fire': 23, 'Spirit': 48, 'Water': 14}
